Arguments: 
  /Users/wuchuheng/.nvm/versions/node/v16.14.2/bin/node /Users/wuchuheng/.nvm/versions/node/v16.14.2/bin/yarn

PATH: 
  /Users/wuchuheng/homebrew/opt/llvm/bin:/Users/wuchuheng/.deno/bin:/Users/wuchuheng/homebrew/opt/llvm/bin:/Users/wuchuheng/.deno/bin:/Users/wuchuheng/homebrew/opt/llvm/bin:/Users/wuchuheng/.deno/bin:/Users/wuchuheng/homebrew/opt/llvm/bin:/Users/wuchuheng/.deno/bin:/Users/wuchuheng/homebrew/opt/llvm/bin:/Users/wuchuheng/.deno/bin:/Users/wuchuheng/homebrew/opt/llvm/bin:/Users/wuchuheng/.deno/bin:/Users/wuchuheng/homebrew/opt/llvm/bin:/Users/wuchuheng/.deno/bin:/Users/wuchuheng/homebrew/opt/llvm/bin:/Users/wuchuheng/.deno/bin:/Users/wuchuheng/homebrew/opt/llvm/bin:/Users/wuchuheng/.deno/bin:/Users/wuchuheng/homebrew/opt/llvm/bin:/Users/wuchuheng/.deno/bin:/Users/wuchuheng/.nvm/versions/node/v16.14.2/bin:/Users/wuchuheng/homebrew/bin:/Users/wuchuheng/homebrew/sbin:/usr/local/bin:/usr/bin:/bin:/usr/sbin:/sbin:/usr/local/go/bin:/Library/Apple/usr/bin:/Users/wuchuheng/.cargo/bin:/Users/wuchuheng/flutter/bin:/Users/wuchuheng/dotfiles/bin:/Users/wuchuheng/flutter/bin:/Users/wuchuheng/dotfiles/bin:/Users/wuchuheng/flutter/bin:/Users/wuchuheng/dotfiles/bin:/Users/wuchuheng/flutter/bin:/Users/wuchuheng/dotfiles/bin:/Users/wuchuheng/flutter/bin:/Users/wuchuheng/dotfiles/bin:/Users/wuchuheng/flutter/bin:/Users/wuchuheng/dotfiles/bin:/Users/wuchuheng/flutter/bin:/Users/wuchuheng/dotfiles/bin:/Users/wuchuheng/flutter/bin:/Users/wuchuheng/dotfiles/bin:/Users/wuchuheng/flutter/bin:/Users/wuchuheng/dotfiles/bin:/Users/wuchuheng/flutter/bin:/Users/wuchuheng/dotfiles/bin

Yarn version: 
  1.22.18

Node version: 
  16.14.2

Platform: 
  darwin x64

Trace: 
  Error: https://registry.npm.taobao.org/coc-css: tunneling socket could not be established, cause=socket hang up
      at ClientRequest.onError (/Users/wuchuheng/.nvm/versions/node/v16.14.2/lib/node_modules/yarn/lib/cli.js:152369:17)
      at Object.onceWrapper (node:events:646:26)
      at ClientRequest.emit (node:events:526:28)
      at Socket.socketOnEnd (node:_http_client:466:9)
      at Socket.emit (node:events:538:35)
      at endReadableNT (node:internal/streams/readable:1345:12)
      at processTicksAndRejections (node:internal/process/task_queues:83:21)

npm manifest: 
  {
    "dependencies": {
      "coc-css": ">=1.3.0",
      "coc-html": ">=1.6.1",
      "coc-json": ">=1.4.2",
      "coc-tsserver": ">=1.10.5"
    }
  }

yarn manifest: 
  No manifest

Lockfile: 
  # THIS IS AN AUTOGENERATED FILE. DO NOT EDIT THIS FILE DIRECTLY.
  # yarn lockfile v1
